<?xml version="1.0" encoding="UTF-8"?>
<!-- Generated by org.testng.reporters.JUnitXMLReporter -->
<testsuite hostname="DESKTOP-VR2MUK1" name="Command line test" tests="5" failures="0" timestamp="8 Mar 2016 06:09:49 GMT" time="2.427" errors="0">
  <testcase name="getApplication" time="0.016" classname="gappp.model.dao.ApplicationDaoTest"/>
  <testcase name="getUsers" time="0.0" classname="gappp.model.dao.DepartmentDaoTest"/>
  <testcase name="getApplication" time="0.0" classname="gappp.model.dao.StudentDaoTest"/>
  <testcase name="getUser" time="0.0" classname="gappp.model.dao.UserDaoTest"/>
  <testcase name="getUsers" time="0.0" classname="gappp.model.dao.UserDaoTest"/>
</testsuite> <!-- Command line test -->
