<?xml version="1.0" encoding="UTF-8" ?>
<testsuite tests="5" failures="0" name="TestSuite" time="0.002" errors="0" skipped="0">
  <properties>
[...]
</properties>
  <testcase classname="gappp.model.dao.ApplicationDaoTest" name="getApplication" time="0.002"/>
  <testcase classname="gappp.model.dao.DepartmentDaoTest" name="getUsers" time="0"/>
  <testcase classname="gappp.model.dao.StudentDaoTest" name="getApplication" time="0"/>
  <testcase classname="gappp.model.dao.UserDaoTest" name="getUser" time="0"/>
  <testcase classname="gappp.model.dao.UserDaoTest" name="getUsers" time="0"/>
</testsuite>